# JRE version: OpenJDK Runtime Environment (16.0.1+9) (build 16.0.1+9-24)
# Java VM: OpenJDK 64-Bit Server VM (16.0.1+9-24, mixed mode, tiered, compressed oops, compressed class ptrs, g1 gc, windows-amd64)
GC Precious Log:
 CPUs: 4 total, 4 available
 Memory: 3916M
 Large Page Support: Disabled
 NUMA Support: Disabled
 Compressed Oops: Enabled (32-bit)
 Heap Region Size: 1M
 Heap Min Capacity: 8M
 Heap Initial Capacity: 62M
 Heap Max Capacity: 980M
 Pre-touch: Disabled
 Parallel Workers: 4
 Concurrent Workers: 1
 Concurrent Refinement Workers: 4
 Periodic GC: Disabled
Heap:
 garbage-first heap   total 63488K, used 38040K [0x00000000c2c00000, 0x0000000100000000)
  region size 1024K, 4 young (4096K), 3 survivors (3072K)
 Metaspace       used 16046K, committed 16320K, reserved 1064960K
  class space    used 1582K, committed 1728K, reserved 1048576K
GC Heap History (6 events):
Event: 4.117 GC heap before
{Heap before GC invocations=0 (full 0):
 garbage-first heap   total 63488K, used 32768K [0x00000000c2c00000, 0x0000000100000000)
  region size 1024K, 10 young (10240K), 0 survivors (0K)
 Metaspace       used 15632K, committed 15872K, reserved 1064960K
  class space    used 1593K, committed 1728K, reserved 1048576K
}
Event: 4.126 GC heap after
{Heap after GC invocations=1 (full 0):
 garbage-first heap   total 63488K, used 21677K [0x00000000c2c00000, 0x0000000100000000)
  region size 1024K, 2 young (2048K), 2 survivors (2048K)
 Metaspace       used 15632K, committed 15872K, reserved 1064960K
  class space    used 1593K, committed 1728K, reserved 1048576K
}
Event: 4.208 GC heap before
{Heap before GC invocations=1 (full 0):
 garbage-first heap   total 63488K, used 27821K [0x00000000c2c00000, 0x0000000100000000)
  region size 1024K, 4 young (4096K), 2 survivors (2048K)
 Metaspace       used 15656K, committed 15872K, reserved 1064960K
  class space    used 1593K, committed 1728K, reserved 1048576K
}
Event: 4.215 GC heap after
{Heap after GC invocations=2 (full 0):
 garbage-first heap   total 63488K, used 12780K [0x00000000c2c00000, 0x0000000100000000)
  region size 1024K, 1 young (1024K), 1 survivors (1024K)
 Metaspace       used 15656K, committed 15872K, reserved 1064960K
  class space    used 1593K, committed 1728K, reserved 1048576K
}
Event: 1465.477 GC heap before
{Heap before GC invocations=2 (full 0):
 garbage-first heap   total 63488K, used 43500K [0x00000000c2c00000, 0x0000000100000000)
  region size 1024K, 18 young (18432K), 1 survivors (1024K)
 Metaspace       used 16100K, committed 16320K, reserved 1064960K
  class space    used 1596K, committed 1728K, reserved 1048576K
}
Event: 1465.554 GC heap after
{Heap after GC invocations=3 (full 0):
 garbage-first heap   total 63488K, used 33944K [0x00000000c2c00000, 0x0000000100000000)
  region size 1024K, 3 young (3072K), 3 survivors (3072K)
 Metaspace       used 16100K, committed 16320K, reserved 1064960K
  class space    used 1596K, committed 1728K, reserved 1048576K
}

